<?xml version="1.0" encoding="UTF-8"?>
<!-- Generated by org.testng.reporters.JUnitReportReporter -->
<testsuite hostname="DESKTOP-M8RR7KP" failures="0" tests="2" name="Testcaseorange.OrangeTest" time="11.386" errors="0" timestamp="2022-07-15T23:05:27 EDT" skipped="0">
  <testcase classname="Testcaseorange.OrangeTest" name="Invalid" time="6.060"/>
  <system-out/>
  <testcase classname="Testcaseorange.OrangeTest" name="valid" time="5.326"/>
  <system-out/>
</testsuite> <!-- Testcaseorange.OrangeTest -->
